2024-04-29 19:05:51 Starting OrderApplication using Java 17.0.5 with PID 26472 (/Users/yh/AndroidStudioProjects/spzx-parent/spzx-service/service-order/build/classes/java/main started by yh in /Users/yh/AndroidStudioProjects/spzx-parent)
2024-04-29 19:05:51 The following 1 profile is active: "dev"
2024-04-29 19:05:52 Multiple Spring Data modules found, entering strict repository configuration mode
2024-04-29 19:05:52 Bootstrapping Spring Data Redis repositories in DEFAULT mode.
2024-04-29 19:05:52 Finished Spring Data repository scanning in 11 ms. Found 0 Redis repository interfaces.
2024-04-29 19:05:52 BeanFactory id=4ec700fc-6bd6-3437-9512-05e1504c23a7
2024-04-29 19:05:53 Bean 'org.springframework.cloud.client.loadbalancer.LoadBalancerAutoConfiguration$DeferringLoadBalancerInterceptorConfig' of type [org.springframework.cloud.client.loadbalancer.LoadBalancerAutoConfiguration$DeferringLoadBalancerInterceptorConfig] is not eligible for getting processed by all BeanPostProcessors (for example: not eligible for auto-proxying). The currently created BeanPostProcessor [lbRestClientPostProcessor] is declared through a non-static factory method on that class; consider declaring it as static instead.
2024-04-29 19:05:53 Bean 'deferringLoadBalancerInterceptor' of type [org.springframework.cloud.client.loadbalancer.DeferringLoadBalancerInterceptor] is not eligible for getting processed by all BeanPostProcessors (for example: not eligible for auto-proxying). Is this bean getting eagerly injected into a currently created BeanPostProcessor [lbRestClientPostProcessor]? Check the corresponding BeanPostProcessor declaration and its dependencies.
2024-04-29 19:05:53 Tomcat initialized with port 8515 (http)
2024-04-29 19:05:53 Initializing ProtocolHandler ["http-nio-8515"]
2024-04-29 19:05:53 Starting service [Tomcat]
2024-04-29 19:05:53 Starting Servlet engine: [Apache Tomcat/10.1.19]
2024-04-29 19:05:53 Initializing Spring embedded WebApplicationContext
2024-04-29 19:05:53 Root WebApplicationContext: initialization completed in 2502 ms
2024-04-29 19:05:54 For 'service-cart' URL not provided. Will try picking an instance via load-balancing.
2024-04-29 19:05:54 For 'service-product' URL not provided. Will try picking an instance via load-balancing.
2024-04-29 19:05:54 For 'service-user' URL not provided. Will try picking an instance via load-balancing.
2024-04-29 19:05:55 Spring Cloud LoadBalancer is currently working with the default cache. While this cache implementation is useful for development and tests, it's recommended to use Caffeine cache in production.You can switch to using Caffeine cache, by adding it and org.springframework.cache.caffeine.CaffeineCacheManager to the classpath.
2024-04-29 19:05:55 Starting ProtocolHandler ["http-nio-8515"]
2024-04-29 19:05:55 Tomcat started on port 8515 (http) with context path ''
2024-04-29 19:05:55 initializer namespace from ans.namespace attribute : null
2024-04-29 19:05:55 initializer namespace from ALIBABA_ALIWARE_NAMESPACE attribute :null
2024-04-29 19:05:55 initializer namespace from namespace attribute :null
2024-04-29 19:05:55 [settings] [req-serv] nacos-server port:8848
2024-04-29 19:05:55 [settings] [http-client] connect timeout:1000
2024-04-29 19:05:55 PER_TASK_CONFIG_SIZE: 3000.0
2024-04-29 19:05:55 null No credential found
2024-04-29 19:05:55 [ClientAuthPluginManager] Load ClientAuthService com.alibaba.nacos.client.auth.impl.NacosClientAuthServiceImpl success.
2024-04-29 19:05:55 [ClientAuthPluginManager] Load ClientAuthService com.alibaba.nacos.client.auth.ram.RamClientAuthServiceImpl success.
2024-04-29 19:05:55 [RpcClientFactory] create a new rpc client of 6acbef8c-90b0-48eb-b03c-2b9728469212
2024-04-29 19:05:55 Create naming rpc client for uuid->6acbef8c-90b0-48eb-b03c-2b9728469212
2024-04-29 19:05:55 [6acbef8c-90b0-48eb-b03c-2b9728469212] RpcClient init, ServerListFactory = com.alibaba.nacos.client.naming.core.ServerListManager
2024-04-29 19:05:55 [6acbef8c-90b0-48eb-b03c-2b9728469212] Registry connection listener to current client:com.alibaba.nacos.client.naming.remote.gprc.redo.NamingGrpcRedoService
2024-04-29 19:05:55 [6acbef8c-90b0-48eb-b03c-2b9728469212] Register server push request handler:com.alibaba.nacos.client.naming.remote.gprc.NamingPushRequestHandler
2024-04-29 19:05:55 [6acbef8c-90b0-48eb-b03c-2b9728469212] Try to connect to server on start up, server: {serverIp = '14.103.49.141', server main port = 8848}
2024-04-29 19:05:55 grpc client connection server:14.103.49.141 ip,serverPort:9848,grpcTslConfig:{"sslProvider":"","enableTls":false,"mutualAuthEnable":false,"trustAll":false}
2024-04-29 19:05:56 Ready to get current node abilities...
2024-04-29 19:05:56 Ready to initialize current node abilities, support modes: [SDK_CLIENT]
2024-04-29 19:05:56 Initialize current abilities finish...
2024-04-29 19:05:56 [AbilityControlManager] Successfully initialize AbilityControlManager
2024-04-29 19:05:56 [6acbef8c-90b0-48eb-b03c-2b9728469212] Success to connect to server [14.103.49.141:8848] on start up, connectionId = 1714388756553_183.192.230.83_1518
2024-04-29 19:05:56 [6acbef8c-90b0-48eb-b03c-2b9728469212] Notify connected event to listeners.
2024-04-29 19:05:56 Grpc connection connect
2024-04-29 19:05:56 [6acbef8c-90b0-48eb-b03c-2b9728469212] Register server push request handler:com.alibaba.nacos.common.remote.client.RpcClient$ConnectResetRequestHandler
2024-04-29 19:05:56 [6acbef8c-90b0-48eb-b03c-2b9728469212] Register server push request handler:com.alibaba.nacos.common.remote.client.RpcClient$$Lambda$1285/0x0000000801495078
2024-04-29 19:05:56 [REGISTER-SERVICE] public registering service service-order with instance Instance{instanceId='null', ip='192.168.1.3', port=8515, weight=1.0, healthy=true, enabled=true, ephemeral=true, clusterName='DEFAULT', serviceName='null', metadata={IPv6=null, preserved.register.source=SPRING_CLOUD}}
2024-04-29 19:05:56 nacos registry, DEFAULT_GROUP service-order 192.168.1.3:8515 register finished
2024-04-29 19:05:56 Started OrderApplication in 6.273 seconds (process running for 6.896)
2024-04-29 19:05:58 Starting UserApplication using Java 17.0.5 with PID 26488 (/Users/yh/AndroidStudioProjects/spzx-parent/spzx-service/service-user/build/classes/java/main started by yh in /Users/yh/AndroidStudioProjects/spzx-parent)
2024-04-29 19:05:58 The following 1 profile is active: "dev"
2024-04-29 19:05:59 Multiple Spring Data modules found, entering strict repository configuration mode
2024-04-29 19:05:59 Bootstrapping Spring Data Redis repositories in DEFAULT mode.
2024-04-29 19:05:59 Finished Spring Data repository scanning in 6 ms. Found 0 Redis repository interfaces.
2024-04-29 19:05:59 BeanFactory id=5c5a6bae-bccc-3687-89ab-de35d9912553
2024-04-29 19:06:00 Tomcat initialized with port 8513 (http)
2024-04-29 19:06:00 Initializing ProtocolHandler ["http-nio-8513"]
2024-04-29 19:06:00 Starting service [Tomcat]
2024-04-29 19:06:00 Starting Servlet engine: [Apache Tomcat/10.1.19]
2024-04-29 19:06:00 Initializing Spring embedded WebApplicationContext
2024-04-29 19:06:00 Root WebApplicationContext: initialization completed in 1714 ms
2024-04-29 19:06:01 Starting ProtocolHandler ["http-nio-8513"]
2024-04-29 19:06:01 Tomcat started on port 8513 (http) with context path ''
2024-04-29 19:06:01 initializer namespace from ans.namespace attribute : null
2024-04-29 19:06:01 initializer namespace from ALIBABA_ALIWARE_NAMESPACE attribute :null
2024-04-29 19:06:01 initializer namespace from namespace attribute :null
2024-04-29 19:06:01 [settings] [req-serv] nacos-server port:8848
2024-04-29 19:06:01 [settings] [http-client] connect timeout:1000
2024-04-29 19:06:01 null No credential found
2024-04-29 19:06:01 PER_TASK_CONFIG_SIZE: 3000.0
2024-04-29 19:06:01 [ClientAuthPluginManager] Load ClientAuthService com.alibaba.nacos.client.auth.impl.NacosClientAuthServiceImpl success.
2024-04-29 19:06:01 [ClientAuthPluginManager] Load ClientAuthService com.alibaba.nacos.client.auth.ram.RamClientAuthServiceImpl success.
2024-04-29 19:06:01 [RpcClientFactory] create a new rpc client of c0413955-a253-4f51-8920-92c7163eae6b
2024-04-29 19:06:01 Create naming rpc client for uuid->c0413955-a253-4f51-8920-92c7163eae6b
2024-04-29 19:06:01 [c0413955-a253-4f51-8920-92c7163eae6b] RpcClient init, ServerListFactory = com.alibaba.nacos.client.naming.core.ServerListManager
2024-04-29 19:06:01 [c0413955-a253-4f51-8920-92c7163eae6b] Registry connection listener to current client:com.alibaba.nacos.client.naming.remote.gprc.redo.NamingGrpcRedoService
2024-04-29 19:06:01 [c0413955-a253-4f51-8920-92c7163eae6b] Register server push request handler:com.alibaba.nacos.client.naming.remote.gprc.NamingPushRequestHandler
2024-04-29 19:06:01 [c0413955-a253-4f51-8920-92c7163eae6b] Try to connect to server on start up, server: {serverIp = '14.103.49.141', server main port = 8848}
2024-04-29 19:06:01 grpc client connection server:14.103.49.141 ip,serverPort:9848,grpcTslConfig:{"sslProvider":"","enableTls":false,"mutualAuthEnable":false,"trustAll":false}
2024-04-29 19:06:02 Ready to get current node abilities...
2024-04-29 19:06:02 Ready to initialize current node abilities, support modes: [SDK_CLIENT]
2024-04-29 19:06:02 Initialize current abilities finish...
2024-04-29 19:06:02 [AbilityControlManager] Successfully initialize AbilityControlManager
2024-04-29 19:06:02 [c0413955-a253-4f51-8920-92c7163eae6b] Success to connect to server [14.103.49.141:8848] on start up, connectionId = 1714388762080_183.192.230.83_1521
2024-04-29 19:06:02 [c0413955-a253-4f51-8920-92c7163eae6b] Notify connected event to listeners.
2024-04-29 19:06:02 Grpc connection connect
2024-04-29 19:06:02 [c0413955-a253-4f51-8920-92c7163eae6b] Register server push request handler:com.alibaba.nacos.common.remote.client.RpcClient$ConnectResetRequestHandler
2024-04-29 19:06:02 [c0413955-a253-4f51-8920-92c7163eae6b] Register server push request handler:com.alibaba.nacos.common.remote.client.RpcClient$$Lambda$1253/0x0000000801466fa8
2024-04-29 19:06:02 [REGISTER-SERVICE] public registering service service-user with instance Instance{instanceId='null', ip='192.168.1.3', port=8513, weight=1.0, healthy=true, enabled=true, ephemeral=true, clusterName='DEFAULT', serviceName='null', metadata={IPv6=null, preserved.register.source=SPRING_CLOUD}}
2024-04-29 19:06:02 nacos registry, DEFAULT_GROUP service-user 192.168.1.3:8513 register finished
2024-04-29 19:06:02 Started UserApplication in 4.072 seconds (process running for 4.896)
2024-04-29 19:06:06 [HttpClientBeanHolder] Start destroying common HttpClient
2024-04-29 19:06:06 [NotifyCenter] Start destroying Publisher
2024-04-29 19:06:06 [NotifyCenter] Destruction of the end
2024-04-29 19:06:06 [HttpClientBeanHolder] Destruction of the end
2024-04-29 19:06:06 [NotifyCenter] Start destroying Publisher
2024-04-29 19:06:06 [HttpClientBeanHolder] Start destroying common HttpClient
2024-04-29 19:06:06 [NotifyCenter] Destruction of the end
2024-04-29 19:06:06 [HttpClientBeanHolder] Destruction of the end
2024-04-29 19:18:07 Starting OrderApplication using Java 17.0.5 with PID 27122 (/Users/yh/AndroidStudioProjects/spzx-parent/spzx-service/service-order/build/classes/java/main started by yh in /Users/yh/AndroidStudioProjects/spzx-parent)
2024-04-29 19:18:07 The following 1 profile is active: "dev"
2024-04-29 19:18:09 Multiple Spring Data modules found, entering strict repository configuration mode
2024-04-29 19:18:09 Bootstrapping Spring Data Redis repositories in DEFAULT mode.
2024-04-29 19:18:09 Finished Spring Data repository scanning in 15 ms. Found 0 Redis repository interfaces.
2024-04-29 19:18:10 BeanFactory id=4ec700fc-6bd6-3437-9512-05e1504c23a7
2024-04-29 19:18:10 Bean 'org.springframework.cloud.client.loadbalancer.LoadBalancerAutoConfiguration$DeferringLoadBalancerInterceptorConfig' of type [org.springframework.cloud.client.loadbalancer.LoadBalancerAutoConfiguration$DeferringLoadBalancerInterceptorConfig] is not eligible for getting processed by all BeanPostProcessors (for example: not eligible for auto-proxying). The currently created BeanPostProcessor [lbRestClientPostProcessor] is declared through a non-static factory method on that class; consider declaring it as static instead.
2024-04-29 19:18:10 Bean 'deferringLoadBalancerInterceptor' of type [org.springframework.cloud.client.loadbalancer.DeferringLoadBalancerInterceptor] is not eligible for getting processed by all BeanPostProcessors (for example: not eligible for auto-proxying). Is this bean getting eagerly injected into a currently created BeanPostProcessor [lbRestClientPostProcessor]? Check the corresponding BeanPostProcessor declaration and its dependencies.
2024-04-29 19:18:10 Tomcat initialized with port 8515 (http)
2024-04-29 19:18:10 Initializing ProtocolHandler ["http-nio-8515"]
2024-04-29 19:18:10 Starting service [Tomcat]
2024-04-29 19:18:10 Starting Servlet engine: [Apache Tomcat/10.1.19]
2024-04-29 19:18:10 Initializing Spring embedded WebApplicationContext
2024-04-29 19:18:10 Root WebApplicationContext: initialization completed in 3521 ms
2024-04-29 19:18:11 For 'service-cart' URL not provided. Will try picking an instance via load-balancing.
2024-04-29 19:18:11 For 'service-product' URL not provided. Will try picking an instance via load-balancing.
2024-04-29 19:18:11 For 'service-user' URL not provided. Will try picking an instance via load-balancing.
2024-04-29 19:18:13 Starting UserApplication using Java 17.0.5 with PID 27138 (/Users/yh/AndroidStudioProjects/spzx-parent/spzx-service/service-user/build/classes/java/main started by yh in /Users/yh/AndroidStudioProjects/spzx-parent)
2024-04-29 19:18:13 The following 1 profile is active: "dev"
2024-04-29 19:18:13 Spring Cloud LoadBalancer is currently working with the default cache. While this cache implementation is useful for development and tests, it's recommended to use Caffeine cache in production.You can switch to using Caffeine cache, by adding it and org.springframework.cache.caffeine.CaffeineCacheManager to the classpath.
2024-04-29 19:18:13 Starting ProtocolHandler ["http-nio-8515"]
2024-04-29 19:18:13 Tomcat started on port 8515 (http) with context path ''
2024-04-29 19:18:13 initializer namespace from ans.namespace attribute : null
2024-04-29 19:18:13 initializer namespace from ALIBABA_ALIWARE_NAMESPACE attribute :null
2024-04-29 19:18:13 initializer namespace from namespace attribute :null
2024-04-29 19:18:13 null No credential found
2024-04-29 19:18:13 [settings] [req-serv] nacos-server port:8848
2024-04-29 19:18:13 [settings] [http-client] connect timeout:1000
2024-04-29 19:18:13 PER_TASK_CONFIG_SIZE: 3000.0
2024-04-29 19:18:13 [ClientAuthPluginManager] Load ClientAuthService com.alibaba.nacos.client.auth.impl.NacosClientAuthServiceImpl success.
2024-04-29 19:18:13 [ClientAuthPluginManager] Load ClientAuthService com.alibaba.nacos.client.auth.ram.RamClientAuthServiceImpl success.
2024-04-29 19:18:13 [RpcClientFactory] create a new rpc client of 9f94e2fb-83f0-4ca9-95f2-caec6403178b
2024-04-29 19:18:13 Create naming rpc client for uuid->9f94e2fb-83f0-4ca9-95f2-caec6403178b
2024-04-29 19:18:13 [9f94e2fb-83f0-4ca9-95f2-caec6403178b] RpcClient init, ServerListFactory = com.alibaba.nacos.client.naming.core.ServerListManager
2024-04-29 19:18:13 [9f94e2fb-83f0-4ca9-95f2-caec6403178b] Registry connection listener to current client:com.alibaba.nacos.client.naming.remote.gprc.redo.NamingGrpcRedoService
2024-04-29 19:18:13 [9f94e2fb-83f0-4ca9-95f2-caec6403178b] Register server push request handler:com.alibaba.nacos.client.naming.remote.gprc.NamingPushRequestHandler
2024-04-29 19:18:13 [9f94e2fb-83f0-4ca9-95f2-caec6403178b] Try to connect to server on start up, server: {serverIp = '14.103.49.141', server main port = 8848}
2024-04-29 19:18:13 grpc client connection server:14.103.49.141 ip,serverPort:9848,grpcTslConfig:{"sslProvider":"","enableTls":false,"mutualAuthEnable":false,"trustAll":false}
2024-04-29 19:18:14 Multiple Spring Data modules found, entering strict repository configuration mode
2024-04-29 19:18:14 Bootstrapping Spring Data Redis repositories in DEFAULT mode.
2024-04-29 19:18:14 Finished Spring Data repository scanning in 10 ms. Found 0 Redis repository interfaces.
2024-04-29 19:18:14 Ready to get current node abilities...
2024-04-29 19:18:14 Ready to initialize current node abilities, support modes: [SDK_CLIENT]
2024-04-29 19:18:14 Initialize current abilities finish...
2024-04-29 19:18:14 [AbilityControlManager] Successfully initialize AbilityControlManager
2024-04-29 19:18:14 [9f94e2fb-83f0-4ca9-95f2-caec6403178b] Success to connect to server [14.103.49.141:8848] on start up, connectionId = 1714389494368_183.192.230.83_1204
2024-04-29 19:18:14 [9f94e2fb-83f0-4ca9-95f2-caec6403178b] Notify connected event to listeners.
2024-04-29 19:18:14 Grpc connection connect
2024-04-29 19:18:14 [9f94e2fb-83f0-4ca9-95f2-caec6403178b] Register server push request handler:com.alibaba.nacos.common.remote.client.RpcClient$ConnectResetRequestHandler
2024-04-29 19:18:14 [9f94e2fb-83f0-4ca9-95f2-caec6403178b] Register server push request handler:com.alibaba.nacos.common.remote.client.RpcClient$$Lambda$1285/0x000000080147aa50
2024-04-29 19:18:14 [REGISTER-SERVICE] public registering service service-order with instance Instance{instanceId='null', ip='192.168.1.3', port=8515, weight=1.0, healthy=true, enabled=true, ephemeral=true, clusterName='DEFAULT', serviceName='null', metadata={IPv6=null, preserved.register.source=SPRING_CLOUD}}
2024-04-29 19:18:14 nacos registry, DEFAULT_GROUP service-order 192.168.1.3:8515 register finished
2024-04-29 19:18:14 Started OrderApplication in 8.223 seconds (process running for 9.267)
2024-04-29 19:18:14 BeanFactory id=5c5a6bae-bccc-3687-89ab-de35d9912553
2024-04-29 19:18:15 Tomcat initialized with port 8513 (http)
2024-04-29 19:18:15 Initializing ProtocolHandler ["http-nio-8513"]
2024-04-29 19:18:15 Starting service [Tomcat]
2024-04-29 19:18:15 Starting Servlet engine: [Apache Tomcat/10.1.19]
2024-04-29 19:18:15 Initializing Spring embedded WebApplicationContext
2024-04-29 19:18:15 Root WebApplicationContext: initialization completed in 2088 ms
2024-04-29 19:18:16 Starting ProtocolHandler ["http-nio-8513"]
2024-04-29 19:18:16 Tomcat started on port 8513 (http) with context path ''
2024-04-29 19:18:16 initializer namespace from ans.namespace attribute : null
2024-04-29 19:18:16 initializer namespace from ALIBABA_ALIWARE_NAMESPACE attribute :null
2024-04-29 19:18:16 initializer namespace from namespace attribute :null
2024-04-29 19:18:16 [settings] [req-serv] nacos-server port:8848
2024-04-29 19:18:16 null No credential found
2024-04-29 19:18:16 [settings] [http-client] connect timeout:1000
2024-04-29 19:18:16 PER_TASK_CONFIG_SIZE: 3000.0
2024-04-29 19:18:16 [ClientAuthPluginManager] Load ClientAuthService com.alibaba.nacos.client.auth.impl.NacosClientAuthServiceImpl success.
2024-04-29 19:18:16 [ClientAuthPluginManager] Load ClientAuthService com.alibaba.nacos.client.auth.ram.RamClientAuthServiceImpl success.
2024-04-29 19:18:16 [RpcClientFactory] create a new rpc client of ae5fcc91-9819-4ecf-97d0-0eaac81a1751
2024-04-29 19:18:16 Create naming rpc client for uuid->ae5fcc91-9819-4ecf-97d0-0eaac81a1751
2024-04-29 19:18:16 [ae5fcc91-9819-4ecf-97d0-0eaac81a1751] RpcClient init, ServerListFactory = com.alibaba.nacos.client.naming.core.ServerListManager
2024-04-29 19:18:16 [ae5fcc91-9819-4ecf-97d0-0eaac81a1751] Registry connection listener to current client:com.alibaba.nacos.client.naming.remote.gprc.redo.NamingGrpcRedoService
2024-04-29 19:18:16 [ae5fcc91-9819-4ecf-97d0-0eaac81a1751] Register server push request handler:com.alibaba.nacos.client.naming.remote.gprc.NamingPushRequestHandler
2024-04-29 19:18:16 [ae5fcc91-9819-4ecf-97d0-0eaac81a1751] Try to connect to server on start up, server: {serverIp = '14.103.49.141', server main port = 8848}
2024-04-29 19:18:16 grpc client connection server:14.103.49.141 ip,serverPort:9848,grpcTslConfig:{"sslProvider":"","enableTls":false,"mutualAuthEnable":false,"trustAll":false}
2024-04-29 19:18:16 Ready to get current node abilities...
2024-04-29 19:18:16 Ready to initialize current node abilities, support modes: [SDK_CLIENT]
2024-04-29 19:18:16 Initialize current abilities finish...
2024-04-29 19:18:16 [AbilityControlManager] Successfully initialize AbilityControlManager
2024-04-29 19:18:16 [ae5fcc91-9819-4ecf-97d0-0eaac81a1751] Success to connect to server [14.103.49.141:8848] on start up, connectionId = 1714389496981_183.192.230.83_1208
2024-04-29 19:18:17 [ae5fcc91-9819-4ecf-97d0-0eaac81a1751] Notify connected event to listeners.
2024-04-29 19:18:17 Grpc connection connect
2024-04-29 19:18:17 [ae5fcc91-9819-4ecf-97d0-0eaac81a1751] Register server push request handler:com.alibaba.nacos.common.remote.client.RpcClient$ConnectResetRequestHandler
2024-04-29 19:18:17 [ae5fcc91-9819-4ecf-97d0-0eaac81a1751] Register server push request handler:com.alibaba.nacos.common.remote.client.RpcClient$$Lambda$1253/0x0000000801466fa8
2024-04-29 19:18:17 [REGISTER-SERVICE] public registering service service-user with instance Instance{instanceId='null', ip='192.168.1.3', port=8513, weight=1.0, healthy=true, enabled=true, ephemeral=true, clusterName='DEFAULT', serviceName='null', metadata={IPv6=null, preserved.register.source=SPRING_CLOUD}}
2024-04-29 19:18:17 nacos registry, DEFAULT_GROUP service-user 192.168.1.3:8513 register finished
2024-04-29 19:18:17 Started UserApplication in 4.782 seconds (process running for 5.59)
2024-04-29 19:20:02 [NotifyCenter] Start destroying Publisher
2024-04-29 19:20:02 [HttpClientBeanHolder] Start destroying common HttpClient
2024-04-29 19:20:02 [NotifyCenter] Destruction of the end
2024-04-29 19:20:02 [HttpClientBeanHolder] Destruction of the end
2024-04-29 19:20:03 [NotifyCenter] Start destroying Publisher
2024-04-29 19:20:03 [HttpClientBeanHolder] Start destroying common HttpClient
2024-04-29 19:20:03 [NotifyCenter] Destruction of the end
2024-04-29 19:20:03 [HttpClientBeanHolder] Destruction of the end
