2024-04-29 19:05:52 Starting PayApplication using Java 17.0.5 with PID 26474 (/Users/yh/AndroidStudioProjects/spzx-parent/spzx-service/service-pay/build/classes/java/main started by yh in /Users/yh/AndroidStudioProjects/spzx-parent)
2024-04-29 19:05:52 The following 1 profile is active: "dev"
2024-04-29 19:05:54 Multiple Spring Data modules found, entering strict repository configuration mode
2024-04-29 19:05:54 Bootstrapping Spring Data Redis repositories in DEFAULT mode.
2024-04-29 19:05:54 Finished Spring Data repository scanning in 7 ms. Found 0 Redis repository interfaces.
2024-04-29 19:05:54 BeanFactory id=d26f99ec-e740-322b-99b0-4e8f4f9afff1
2024-04-29 19:05:54 Bean 'org.springframework.cloud.client.loadbalancer.LoadBalancerAutoConfiguration$DeferringLoadBalancerInterceptorConfig' of type [org.springframework.cloud.client.loadbalancer.LoadBalancerAutoConfiguration$DeferringLoadBalancerInterceptorConfig] is not eligible for getting processed by all BeanPostProcessors (for example: not eligible for auto-proxying). The currently created BeanPostProcessor [lbRestClientPostProcessor] is declared through a non-static factory method on that class; consider declaring it as static instead.
2024-04-29 19:05:54 Bean 'deferringLoadBalancerInterceptor' of type [org.springframework.cloud.client.loadbalancer.DeferringLoadBalancerInterceptor] is not eligible for getting processed by all BeanPostProcessors (for example: not eligible for auto-proxying). Is this bean getting eagerly injected into a currently created BeanPostProcessor [lbRestClientPostProcessor]? Check the corresponding BeanPostProcessor declaration and its dependencies.
2024-04-29 19:05:55 Tomcat initialized with port 8512 (http)
2024-04-29 19:05:55 Initializing ProtocolHandler ["http-nio-8512"]
2024-04-29 19:05:55 Starting service [Tomcat]
2024-04-29 19:05:55 Starting Servlet engine: [Apache Tomcat/10.1.19]
2024-04-29 19:05:55 Initializing Spring embedded WebApplicationContext
2024-04-29 19:05:55 Root WebApplicationContext: initialization completed in 2350 ms
2024-04-29 19:05:56 For 'service-order' URL not provided. Will try picking an instance via load-balancing.
2024-04-29 19:05:56 For 'service-product' URL not provided. Will try picking an instance via load-balancing.
2024-04-29 19:05:56 Spring Cloud LoadBalancer is currently working with the default cache. While this cache implementation is useful for development and tests, it's recommended to use Caffeine cache in production.You can switch to using Caffeine cache, by adding it and org.springframework.cache.caffeine.CaffeineCacheManager to the classpath.
2024-04-29 19:05:56 Starting ProtocolHandler ["http-nio-8512"]
2024-04-29 19:05:56 Tomcat started on port 8512 (http) with context path ''
2024-04-29 19:05:56 initializer namespace from ans.namespace attribute : null
2024-04-29 19:05:56 initializer namespace from ALIBABA_ALIWARE_NAMESPACE attribute :null
2024-04-29 19:05:56 initializer namespace from namespace attribute :null
2024-04-29 19:05:56 [settings] [req-serv] nacos-server port:8848
2024-04-29 19:05:56 [settings] [http-client] connect timeout:1000
2024-04-29 19:05:56 PER_TASK_CONFIG_SIZE: 3000.0
2024-04-29 19:05:56 null No credential found
2024-04-29 19:05:56 [ClientAuthPluginManager] Load ClientAuthService com.alibaba.nacos.client.auth.impl.NacosClientAuthServiceImpl success.
2024-04-29 19:05:56 [ClientAuthPluginManager] Load ClientAuthService com.alibaba.nacos.client.auth.ram.RamClientAuthServiceImpl success.
2024-04-29 19:05:56 [RpcClientFactory] create a new rpc client of e36b0790-d400-49cd-8eef-dda08e760b56
2024-04-29 19:05:56 Create naming rpc client for uuid->e36b0790-d400-49cd-8eef-dda08e760b56
2024-04-29 19:05:56 [e36b0790-d400-49cd-8eef-dda08e760b56] RpcClient init, ServerListFactory = com.alibaba.nacos.client.naming.core.ServerListManager
2024-04-29 19:05:56 [e36b0790-d400-49cd-8eef-dda08e760b56] Registry connection listener to current client:com.alibaba.nacos.client.naming.remote.gprc.redo.NamingGrpcRedoService
2024-04-29 19:05:56 [e36b0790-d400-49cd-8eef-dda08e760b56] Register server push request handler:com.alibaba.nacos.client.naming.remote.gprc.NamingPushRequestHandler
2024-04-29 19:05:56 [e36b0790-d400-49cd-8eef-dda08e760b56] Try to connect to server on start up, server: {serverIp = '14.103.49.141', server main port = 8848}
2024-04-29 19:05:56 grpc client connection server:14.103.49.141 ip,serverPort:9848,grpcTslConfig:{"sslProvider":"","enableTls":false,"mutualAuthEnable":false,"trustAll":false}
2024-04-29 19:05:57 Ready to get current node abilities...
2024-04-29 19:05:57 Ready to initialize current node abilities, support modes: [SDK_CLIENT]
2024-04-29 19:05:57 Initialize current abilities finish...
2024-04-29 19:05:57 [AbilityControlManager] Successfully initialize AbilityControlManager
2024-04-29 19:05:57 [e36b0790-d400-49cd-8eef-dda08e760b56] Success to connect to server [14.103.49.141:8848] on start up, connectionId = 1714388757721_183.192.230.83_1519
2024-04-29 19:05:57 [e36b0790-d400-49cd-8eef-dda08e760b56] Notify connected event to listeners.
2024-04-29 19:05:57 Grpc connection connect
2024-04-29 19:05:57 [e36b0790-d400-49cd-8eef-dda08e760b56] Register server push request handler:com.alibaba.nacos.common.remote.client.RpcClient$ConnectResetRequestHandler
2024-04-29 19:05:57 [e36b0790-d400-49cd-8eef-dda08e760b56] Register server push request handler:com.alibaba.nacos.common.remote.client.RpcClient$$Lambda$1289/0x0000000801461af0
2024-04-29 19:05:57 [REGISTER-SERVICE] public registering service service-pay with instance Instance{instanceId='null', ip='192.168.1.3', port=8512, weight=1.0, healthy=true, enabled=true, ephemeral=true, clusterName='DEFAULT', serviceName='null', metadata={IPv6=null, preserved.register.source=SPRING_CLOUD}}
2024-04-29 19:05:57 nacos registry, DEFAULT_GROUP service-pay 192.168.1.3:8512 register finished
2024-04-29 19:05:57 Started PayApplication in 5.922 seconds (process running for 6.662)
2024-04-29 19:06:06 [NotifyCenter] Start destroying Publisher
2024-04-29 19:06:06 [HttpClientBeanHolder] Start destroying common HttpClient
2024-04-29 19:06:06 [NotifyCenter] Destruction of the end
2024-04-29 19:06:06 [HttpClientBeanHolder] Destruction of the end
2024-04-29 19:17:51 Starting TravelApplication using Java 17.0.5 with PID 27098 (/Users/yh/AndroidStudioProjects/spzx-parent/spzx-service/service-travel/build/classes/java/main started by yh in /Users/yh/AndroidStudioProjects/spzx-parent)
2024-04-29 19:17:51 The following 1 profile is active: "dev"
2024-04-29 19:17:52 Multiple Spring Data modules found, entering strict repository configuration mode
2024-04-29 19:17:52 Bootstrapping Spring Data Redis repositories in DEFAULT mode.
2024-04-29 19:17:52 Finished Spring Data repository scanning in 5 ms. Found 0 Redis repository interfaces.
2024-04-29 19:17:52 No MyBatis mapper was found in '[com.travel.spzx.travel]' package. Please check your configuration.
2024-04-29 19:17:52 BeanFactory id=f02c8b5a-1477-32ba-880e-fe82f941bd07
2024-04-29 19:17:52 Tomcat initialized with port 8512 (http)
2024-04-29 19:17:52 Initializing ProtocolHandler ["http-nio-8512"]
2024-04-29 19:17:52 Starting service [Tomcat]
2024-04-29 19:17:52 Starting Servlet engine: [Apache Tomcat/10.1.19]
2024-04-29 19:17:52 Initializing Spring embedded WebApplicationContext
2024-04-29 19:17:52 Root WebApplicationContext: initialization completed in 1784 ms
2024-04-29 19:17:54 Starting ProtocolHandler ["http-nio-8512"]
2024-04-29 19:17:54 Tomcat started on port 8512 (http) with context path ''
2024-04-29 19:17:54 initializer namespace from ans.namespace attribute : null
2024-04-29 19:17:54 initializer namespace from ALIBABA_ALIWARE_NAMESPACE attribute :null
2024-04-29 19:17:54 initializer namespace from namespace attribute :null
2024-04-29 19:17:54 [settings] [req-serv] nacos-server port:8848
2024-04-29 19:17:54 [settings] [http-client] connect timeout:1000
2024-04-29 19:17:54 PER_TASK_CONFIG_SIZE: 3000.0
2024-04-29 19:17:54 [ClientAuthPluginManager] Load ClientAuthService com.alibaba.nacos.client.auth.impl.NacosClientAuthServiceImpl success.
2024-04-29 19:17:54 [ClientAuthPluginManager] Load ClientAuthService com.alibaba.nacos.client.auth.ram.RamClientAuthServiceImpl success.
2024-04-29 19:17:54 null No credential found
2024-04-29 19:17:54 [RpcClientFactory] create a new rpc client of ef2c0a22-f53b-4beb-83e4-6bfea97bdd8d
2024-04-29 19:17:54 Create naming rpc client for uuid->ef2c0a22-f53b-4beb-83e4-6bfea97bdd8d
2024-04-29 19:17:54 [ef2c0a22-f53b-4beb-83e4-6bfea97bdd8d] RpcClient init, ServerListFactory = com.alibaba.nacos.client.naming.core.ServerListManager
2024-04-29 19:17:54 [ef2c0a22-f53b-4beb-83e4-6bfea97bdd8d] Registry connection listener to current client:com.alibaba.nacos.client.naming.remote.gprc.redo.NamingGrpcRedoService
2024-04-29 19:17:54 [ef2c0a22-f53b-4beb-83e4-6bfea97bdd8d] Register server push request handler:com.alibaba.nacos.client.naming.remote.gprc.NamingPushRequestHandler
2024-04-29 19:17:54 [ef2c0a22-f53b-4beb-83e4-6bfea97bdd8d] Try to connect to server on start up, server: {serverIp = '14.103.49.141', server main port = 8848}
2024-04-29 19:17:54 grpc client connection server:14.103.49.141 ip,serverPort:9848,grpcTslConfig:{"sslProvider":"","enableTls":false,"mutualAuthEnable":false,"trustAll":false}
2024-04-29 19:17:54 Ready to get current node abilities...
2024-04-29 19:17:54 Ready to initialize current node abilities, support modes: [SDK_CLIENT]
2024-04-29 19:17:54 Initialize current abilities finish...
2024-04-29 19:17:54 [AbilityControlManager] Successfully initialize AbilityControlManager
2024-04-29 19:17:55 [ef2c0a22-f53b-4beb-83e4-6bfea97bdd8d] Success to connect to server [14.103.49.141:8848] on start up, connectionId = 1714389474974_183.192.230.83_1187
2024-04-29 19:17:55 [ef2c0a22-f53b-4beb-83e4-6bfea97bdd8d] Notify connected event to listeners.
2024-04-29 19:17:55 Grpc connection connect
2024-04-29 19:17:55 [ef2c0a22-f53b-4beb-83e4-6bfea97bdd8d] Register server push request handler:com.alibaba.nacos.common.remote.client.RpcClient$ConnectResetRequestHandler
2024-04-29 19:17:55 [ef2c0a22-f53b-4beb-83e4-6bfea97bdd8d] Register server push request handler:com.alibaba.nacos.common.remote.client.RpcClient$$Lambda$1295/0x000000080144d078
2024-04-29 19:17:55 [REGISTER-SERVICE] public registering service service-travel with instance Instance{instanceId='null', ip='192.168.1.3', port=8512, weight=1.0, healthy=true, enabled=true, ephemeral=true, clusterName='DEFAULT', serviceName='null', metadata={IPv6=null, preserved.register.source=SPRING_CLOUD}}
2024-04-29 19:17:55 nacos registry, DEFAULT_GROUP service-travel 192.168.1.3:8512 register finished
2024-04-29 19:17:55 Started TravelApplication in 4.724 seconds (process running for 5.434)
2024-04-29 19:17:59 [HttpClientBeanHolder] Start destroying common HttpClient
2024-04-29 19:17:59 [NotifyCenter] Start destroying Publisher
2024-04-29 19:17:59 [NotifyCenter] Destruction of the end
2024-04-29 19:17:59 [HttpClientBeanHolder] Destruction of the end
2024-04-29 19:18:03 Starting TravelApplication using Java 17.0.5 with PID 27113 (/Users/yh/AndroidStudioProjects/spzx-parent/spzx-service/service-travel/build/classes/java/main started by yh in /Users/yh/AndroidStudioProjects/spzx-parent)
2024-04-29 19:18:03 The following 1 profile is active: "dev"
2024-04-29 19:18:04 Multiple Spring Data modules found, entering strict repository configuration mode
2024-04-29 19:18:04 Bootstrapping Spring Data Redis repositories in DEFAULT mode.
2024-04-29 19:18:04 Finished Spring Data repository scanning in 8 ms. Found 0 Redis repository interfaces.
2024-04-29 19:18:05 No MyBatis mapper was found in '[com.travel.spzx.travel]' package. Please check your configuration.
2024-04-29 19:18:05 BeanFactory id=f02c8b5a-1477-32ba-880e-fe82f941bd07
2024-04-29 19:18:06 Tomcat initialized with port 8516 (http)
2024-04-29 19:18:06 Initializing ProtocolHandler ["http-nio-8516"]
2024-04-29 19:18:06 Starting service [Tomcat]
2024-04-29 19:18:06 Starting Servlet engine: [Apache Tomcat/10.1.19]
2024-04-29 19:18:06 Initializing Spring embedded WebApplicationContext
2024-04-29 19:18:06 Root WebApplicationContext: initialization completed in 2798 ms
2024-04-29 19:18:09 Starting ProtocolHandler ["http-nio-8516"]
2024-04-29 19:18:09 Tomcat started on port 8516 (http) with context path ''
2024-04-29 19:18:09 initializer namespace from ans.namespace attribute : null
2024-04-29 19:18:09 initializer namespace from ALIBABA_ALIWARE_NAMESPACE attribute :null
2024-04-29 19:18:09 initializer namespace from namespace attribute :null
2024-04-29 19:18:09 null No credential found
2024-04-29 19:18:09 [settings] [req-serv] nacos-server port:8848
2024-04-29 19:18:09 [settings] [http-client] connect timeout:1000
2024-04-29 19:18:09 PER_TASK_CONFIG_SIZE: 3000.0
2024-04-29 19:18:09 [ClientAuthPluginManager] Load ClientAuthService com.alibaba.nacos.client.auth.impl.NacosClientAuthServiceImpl success.
2024-04-29 19:18:09 [ClientAuthPluginManager] Load ClientAuthService com.alibaba.nacos.client.auth.ram.RamClientAuthServiceImpl success.
2024-04-29 19:18:09 [RpcClientFactory] create a new rpc client of 0aa951b9-a78a-47aa-b865-20dac0ab826b
2024-04-29 19:18:09 Create naming rpc client for uuid->0aa951b9-a78a-47aa-b865-20dac0ab826b
2024-04-29 19:18:09 [0aa951b9-a78a-47aa-b865-20dac0ab826b] RpcClient init, ServerListFactory = com.alibaba.nacos.client.naming.core.ServerListManager
2024-04-29 19:18:09 [0aa951b9-a78a-47aa-b865-20dac0ab826b] Registry connection listener to current client:com.alibaba.nacos.client.naming.remote.gprc.redo.NamingGrpcRedoService
2024-04-29 19:18:09 [0aa951b9-a78a-47aa-b865-20dac0ab826b] Register server push request handler:com.alibaba.nacos.client.naming.remote.gprc.NamingPushRequestHandler
2024-04-29 19:18:09 [0aa951b9-a78a-47aa-b865-20dac0ab826b] Try to connect to server on start up, server: {serverIp = '14.103.49.141', server main port = 8848}
2024-04-29 19:18:09 Starting PayApplication using Java 17.0.5 with PID 27124 (/Users/yh/AndroidStudioProjects/spzx-parent/spzx-service/service-pay/build/classes/java/main started by yh in /Users/yh/AndroidStudioProjects/spzx-parent)
2024-04-29 19:18:09 The following 1 profile is active: "dev"
2024-04-29 19:18:09 grpc client connection server:14.103.49.141 ip,serverPort:9848,grpcTslConfig:{"sslProvider":"","enableTls":false,"mutualAuthEnable":false,"trustAll":false}
2024-04-29 19:18:10 Ready to get current node abilities...
2024-04-29 19:18:10 Ready to initialize current node abilities, support modes: [SDK_CLIENT]
2024-04-29 19:18:10 Initialize current abilities finish...
2024-04-29 19:18:10 [AbilityControlManager] Successfully initialize AbilityControlManager
2024-04-29 19:18:10 [0aa951b9-a78a-47aa-b865-20dac0ab826b] Success to connect to server [14.103.49.141:8848] on start up, connectionId = 1714389490666_183.192.230.83_1199
2024-04-29 19:18:10 [0aa951b9-a78a-47aa-b865-20dac0ab826b] Notify connected event to listeners.
2024-04-29 19:18:10 Grpc connection connect
2024-04-29 19:18:10 [0aa951b9-a78a-47aa-b865-20dac0ab826b] Register server push request handler:com.alibaba.nacos.common.remote.client.RpcClient$ConnectResetRequestHandler
2024-04-29 19:18:10 [0aa951b9-a78a-47aa-b865-20dac0ab826b] Register server push request handler:com.alibaba.nacos.common.remote.client.RpcClient$$Lambda$1295/0x000000080144dca0
2024-04-29 19:18:10 [REGISTER-SERVICE] public registering service service-travel with instance Instance{instanceId='null', ip='192.168.1.3', port=8516, weight=1.0, healthy=true, enabled=true, ephemeral=true, clusterName='DEFAULT', serviceName='null', metadata={IPv6=null, preserved.register.source=SPRING_CLOUD}}
2024-04-29 19:18:10 nacos registry, DEFAULT_GROUP service-travel 192.168.1.3:8516 register finished
2024-04-29 19:18:10 Started TravelApplication in 7.984 seconds (process running for 8.602)
2024-04-29 19:18:11 Multiple Spring Data modules found, entering strict repository configuration mode
2024-04-29 19:18:11 Bootstrapping Spring Data Redis repositories in DEFAULT mode.
2024-04-29 19:18:11 Finished Spring Data repository scanning in 10 ms. Found 0 Redis repository interfaces.
2024-04-29 19:18:11 BeanFactory id=d26f99ec-e740-322b-99b0-4e8f4f9afff1
2024-04-29 19:18:11 Bean 'org.springframework.cloud.client.loadbalancer.LoadBalancerAutoConfiguration$DeferringLoadBalancerInterceptorConfig' of type [org.springframework.cloud.client.loadbalancer.LoadBalancerAutoConfiguration$DeferringLoadBalancerInterceptorConfig] is not eligible for getting processed by all BeanPostProcessors (for example: not eligible for auto-proxying). The currently created BeanPostProcessor [lbRestClientPostProcessor] is declared through a non-static factory method on that class; consider declaring it as static instead.
2024-04-29 19:18:11 Bean 'deferringLoadBalancerInterceptor' of type [org.springframework.cloud.client.loadbalancer.DeferringLoadBalancerInterceptor] is not eligible for getting processed by all BeanPostProcessors (for example: not eligible for auto-proxying). Is this bean getting eagerly injected into a currently created BeanPostProcessor [lbRestClientPostProcessor]? Check the corresponding BeanPostProcessor declaration and its dependencies.
2024-04-29 19:18:12 Tomcat initialized with port 8512 (http)
2024-04-29 19:18:12 Initializing ProtocolHandler ["http-nio-8512"]
2024-04-29 19:18:12 Starting service [Tomcat]
2024-04-29 19:18:12 Starting Servlet engine: [Apache Tomcat/10.1.19]
2024-04-29 19:18:12 Initializing Spring embedded WebApplicationContext
2024-04-29 19:18:12 Root WebApplicationContext: initialization completed in 2735 ms
2024-04-29 19:18:13 For 'service-order' URL not provided. Will try picking an instance via load-balancing.
2024-04-29 19:18:13 For 'service-product' URL not provided. Will try picking an instance via load-balancing.
2024-04-29 19:18:14 Spring Cloud LoadBalancer is currently working with the default cache. While this cache implementation is useful for development and tests, it's recommended to use Caffeine cache in production.You can switch to using Caffeine cache, by adding it and org.springframework.cache.caffeine.CaffeineCacheManager to the classpath.
2024-04-29 19:18:14 Starting ProtocolHandler ["http-nio-8512"]
2024-04-29 19:18:14 Tomcat started on port 8512 (http) with context path ''
2024-04-29 19:18:14 initializer namespace from ans.namespace attribute : null
2024-04-29 19:18:14 initializer namespace from ALIBABA_ALIWARE_NAMESPACE attribute :null
2024-04-29 19:18:14 initializer namespace from namespace attribute :null
2024-04-29 19:18:14 [settings] [req-serv] nacos-server port:8848
2024-04-29 19:18:14 [settings] [http-client] connect timeout:1000
2024-04-29 19:18:14 null No credential found
2024-04-29 19:18:14 PER_TASK_CONFIG_SIZE: 3000.0
2024-04-29 19:18:14 [ClientAuthPluginManager] Load ClientAuthService com.alibaba.nacos.client.auth.impl.NacosClientAuthServiceImpl success.
2024-04-29 19:18:14 [ClientAuthPluginManager] Load ClientAuthService com.alibaba.nacos.client.auth.ram.RamClientAuthServiceImpl success.
2024-04-29 19:18:14 [RpcClientFactory] create a new rpc client of 9e6e1756-31d0-4da2-b7a3-70f24615b2a7
2024-04-29 19:18:14 Create naming rpc client for uuid->9e6e1756-31d0-4da2-b7a3-70f24615b2a7
2024-04-29 19:18:14 [9e6e1756-31d0-4da2-b7a3-70f24615b2a7] RpcClient init, ServerListFactory = com.alibaba.nacos.client.naming.core.ServerListManager
2024-04-29 19:18:14 [9e6e1756-31d0-4da2-b7a3-70f24615b2a7] Registry connection listener to current client:com.alibaba.nacos.client.naming.remote.gprc.redo.NamingGrpcRedoService
2024-04-29 19:18:14 [9e6e1756-31d0-4da2-b7a3-70f24615b2a7] Register server push request handler:com.alibaba.nacos.client.naming.remote.gprc.NamingPushRequestHandler
2024-04-29 19:18:14 [9e6e1756-31d0-4da2-b7a3-70f24615b2a7] Try to connect to server on start up, server: {serverIp = '14.103.49.141', server main port = 8848}
2024-04-29 19:18:14 grpc client connection server:14.103.49.141 ip,serverPort:9848,grpcTslConfig:{"sslProvider":"","enableTls":false,"mutualAuthEnable":false,"trustAll":false}
2024-04-29 19:18:15 Ready to get current node abilities...
2024-04-29 19:18:15 Ready to initialize current node abilities, support modes: [SDK_CLIENT]
2024-04-29 19:18:15 Initialize current abilities finish...
2024-04-29 19:18:15 [AbilityControlManager] Successfully initialize AbilityControlManager
2024-04-29 19:18:15 [9e6e1756-31d0-4da2-b7a3-70f24615b2a7] Success to connect to server [14.103.49.141:8848] on start up, connectionId = 1714389495464_183.192.230.83_1206
2024-04-29 19:18:15 [9e6e1756-31d0-4da2-b7a3-70f24615b2a7] Notify connected event to listeners.
2024-04-29 19:18:15 Grpc connection connect
2024-04-29 19:18:15 [9e6e1756-31d0-4da2-b7a3-70f24615b2a7] Register server push request handler:com.alibaba.nacos.common.remote.client.RpcClient$ConnectResetRequestHandler
2024-04-29 19:18:15 [9e6e1756-31d0-4da2-b7a3-70f24615b2a7] Register server push request handler:com.alibaba.nacos.common.remote.client.RpcClient$$Lambda$1289/0x00000008014671b8
2024-04-29 19:18:15 [REGISTER-SERVICE] public registering service service-pay with instance Instance{instanceId='null', ip='192.168.1.3', port=8512, weight=1.0, healthy=true, enabled=true, ephemeral=true, clusterName='DEFAULT', serviceName='null', metadata={IPv6=null, preserved.register.source=SPRING_CLOUD}}
2024-04-29 19:18:15 nacos registry, DEFAULT_GROUP service-pay 192.168.1.3:8512 register finished
2024-04-29 19:18:15 Started PayApplication in 7.401 seconds (process running for 8.532)
2024-04-29 19:18:25 Initializing Spring DispatcherServlet 'dispatcherServlet'
2024-04-29 19:18:25 Initializing Servlet 'dispatcherServlet'
2024-04-29 19:18:25 Completed initialization in 1 ms
2024-04-29 19:18:48 [NotifyCenter] Start destroying Publisher
2024-04-29 19:18:48 [HttpClientBeanHolder] Start destroying common HttpClient
2024-04-29 19:18:48 [NotifyCenter] Destruction of the end
2024-04-29 19:18:48 [HttpClientBeanHolder] Destruction of the end
2024-04-29 19:18:59 De-registering from Nacos Server now...
2024-04-29 19:18:59 [DEREGISTER-SERVICE] public deregistering service service-travel with instance: Instance{instanceId='null', ip='192.168.1.3', port=8516, weight=1.0, healthy=true, enabled=true, ephemeral=true, clusterName='DEFAULT', serviceName='null', metadata={}}
2024-04-29 19:19:00 De-registration finished.
2024-04-29 19:19:00 com.alibaba.nacos.client.naming.cache.ServiceInfoHolder do shutdown begin
2024-04-29 19:19:00 com.alibaba.nacos.client.naming.backups.FailoverReactor do shutdown begin
2024-04-29 19:19:00 com.alibaba.nacos.client.naming.backups.FailoverReactor do shutdown stop
2024-04-29 19:19:00 com.alibaba.nacos.client.naming.cache.ServiceInfoHolder do shutdown stop
2024-04-29 19:19:00 com.alibaba.nacos.client.naming.remote.NamingClientProxyDelegate do shutdown begin
2024-04-29 19:19:00 com.alibaba.nacos.client.naming.core.ServiceInfoUpdateService do shutdown begin
2024-04-29 19:19:00 com.alibaba.nacos.client.naming.core.ServiceInfoUpdateService do shutdown stop
2024-04-29 19:19:00 com.alibaba.nacos.client.naming.core.ServerListManager do shutdown begin
2024-04-29 19:19:00 [NamingHttpClientManager] Start destroying NacosRestTemplate
2024-04-29 19:19:00 [NamingHttpClientManager] Destruction of the end
2024-04-29 19:19:00 com.alibaba.nacos.client.naming.core.ServerListManager do shutdown stop
2024-04-29 19:19:00 com.alibaba.nacos.client.naming.remote.http.NamingHttpClientProxy do shutdown begin
2024-04-29 19:19:00 [NamingHttpClientManager] Start destroying NacosRestTemplate
2024-04-29 19:19:00 [NamingHttpClientManager] Destruction of the end
2024-04-29 19:19:00 com.alibaba.nacos.client.naming.remote.http.NamingHttpClientProxy do shutdown stop
2024-04-29 19:19:00 Shutdown naming grpc client proxy for  uuid->0aa951b9-a78a-47aa-b865-20dac0ab826b
2024-04-29 19:19:00 Shutdown grpc redo service executor java.util.concurrent.ScheduledThreadPoolExecutor@73462a0a[Running, pool size = 1, active threads = 0, queued tasks = 1, completed tasks = 16]
2024-04-29 19:19:00 Shutdown rpc client, set status to shutdown
2024-04-29 19:19:00 Shutdown client event executor java.util.concurrent.ScheduledThreadPoolExecutor@1f54a51b[Running, pool size = 2, active threads = 2, queued tasks = 0, completed tasks = 0]
2024-04-29 19:19:00 Close current connection 1714389490666_183.192.230.83_1199
2024-04-29 19:19:00 [1714389490666_183.192.230.83_1199]Ignore error event,isRunning:false,isAbandon=false
2024-04-29 19:19:00 Shutdown grpc executor java.util.concurrent.ThreadPoolExecutor@5513d783[Running, pool size = 7, active threads = 0, queued tasks = 0, completed tasks = 29]
2024-04-29 19:19:00 shutdown and remove naming rpc client  for uuid ->0aa951b9-a78a-47aa-b865-20dac0ab826b
2024-04-29 19:19:00 [null] CredentialWatcher is stopped
2024-04-29 19:19:00 [null] CredentialService is freed
2024-04-29 19:19:00 com.alibaba.nacos.client.naming.remote.NamingClientProxyDelegate do shutdown stop
2024-04-29 19:19:02 Starting TravelApplication using Java 17.0.5 with PID 27218 (/Users/yh/AndroidStudioProjects/spzx-parent/spzx-service/service-travel/build/classes/java/main started by yh in /Users/yh/AndroidStudioProjects/spzx-parent)
2024-04-29 19:19:02 The following 1 profile is active: "dev"
2024-04-29 19:19:03 Multiple Spring Data modules found, entering strict repository configuration mode
2024-04-29 19:19:03 Bootstrapping Spring Data Redis repositories in DEFAULT mode.
2024-04-29 19:19:03 Finished Spring Data repository scanning in 6 ms. Found 0 Redis repository interfaces.
2024-04-29 19:19:03 No MyBatis mapper was found in '[com.travel.spzx.travel]' package. Please check your configuration.
2024-04-29 19:19:03 BeanFactory id=f02c8b5a-1477-32ba-880e-fe82f941bd07
2024-04-29 19:19:03 Tomcat initialized with port 8516 (http)
2024-04-29 19:19:03 Initializing ProtocolHandler ["http-nio-8516"]
2024-04-29 19:19:03 Starting service [Tomcat]
2024-04-29 19:19:03 Starting Servlet engine: [Apache Tomcat/10.1.19]
2024-04-29 19:19:03 Initializing Spring embedded WebApplicationContext
2024-04-29 19:19:03 Root WebApplicationContext: initialization completed in 1315 ms
2024-04-29 19:19:04 Starting ProtocolHandler ["http-nio-8516"]
2024-04-29 19:19:04 Tomcat started on port 8516 (http) with context path ''
2024-04-29 19:19:04 initializer namespace from ans.namespace attribute : null
2024-04-29 19:19:04 initializer namespace from ALIBABA_ALIWARE_NAMESPACE attribute :null
2024-04-29 19:19:04 initializer namespace from namespace attribute :null
2024-04-29 19:19:04 null No credential found
2024-04-29 19:19:04 [settings] [req-serv] nacos-server port:8848
2024-04-29 19:19:04 [settings] [http-client] connect timeout:1000
2024-04-29 19:19:04 PER_TASK_CONFIG_SIZE: 3000.0
2024-04-29 19:19:04 [ClientAuthPluginManager] Load ClientAuthService com.alibaba.nacos.client.auth.impl.NacosClientAuthServiceImpl success.
2024-04-29 19:19:04 [ClientAuthPluginManager] Load ClientAuthService com.alibaba.nacos.client.auth.ram.RamClientAuthServiceImpl success.
2024-04-29 19:19:04 [RpcClientFactory] create a new rpc client of 5770b06d-0233-45a4-98ac-64b19332afad
2024-04-29 19:19:04 Create naming rpc client for uuid->5770b06d-0233-45a4-98ac-64b19332afad
2024-04-29 19:19:04 [5770b06d-0233-45a4-98ac-64b19332afad] RpcClient init, ServerListFactory = com.alibaba.nacos.client.naming.core.ServerListManager
2024-04-29 19:19:04 [5770b06d-0233-45a4-98ac-64b19332afad] Registry connection listener to current client:com.alibaba.nacos.client.naming.remote.gprc.redo.NamingGrpcRedoService
2024-04-29 19:19:04 [5770b06d-0233-45a4-98ac-64b19332afad] Register server push request handler:com.alibaba.nacos.client.naming.remote.gprc.NamingPushRequestHandler
2024-04-29 19:19:04 [5770b06d-0233-45a4-98ac-64b19332afad] Try to connect to server on start up, server: {serverIp = '14.103.49.141', server main port = 8848}
2024-04-29 19:19:05 grpc client connection server:14.103.49.141 ip,serverPort:9848,grpcTslConfig:{"sslProvider":"","enableTls":false,"mutualAuthEnable":false,"trustAll":false}
2024-04-29 19:19:05 Ready to get current node abilities...
2024-04-29 19:19:05 Ready to initialize current node abilities, support modes: [SDK_CLIENT]
2024-04-29 19:19:05 Initialize current abilities finish...
2024-04-29 19:19:05 [AbilityControlManager] Successfully initialize AbilityControlManager
2024-04-29 19:19:05 [5770b06d-0233-45a4-98ac-64b19332afad] Success to connect to server [14.103.49.141:8848] on start up, connectionId = 1714389545581_183.192.230.83_1228
2024-04-29 19:19:05 [5770b06d-0233-45a4-98ac-64b19332afad] Notify connected event to listeners.
2024-04-29 19:19:05 Grpc connection connect
2024-04-29 19:19:05 [5770b06d-0233-45a4-98ac-64b19332afad] Register server push request handler:com.alibaba.nacos.common.remote.client.RpcClient$ConnectResetRequestHandler
2024-04-29 19:19:05 [5770b06d-0233-45a4-98ac-64b19332afad] Register server push request handler:com.alibaba.nacos.common.remote.client.RpcClient$$Lambda$1295/0x000000080145a3d0
2024-04-29 19:19:05 [REGISTER-SERVICE] public registering service service-travel with instance Instance{instanceId='null', ip='192.168.1.3', port=8516, weight=1.0, healthy=true, enabled=true, ephemeral=true, clusterName='DEFAULT', serviceName='null', metadata={IPv6=null, preserved.register.source=SPRING_CLOUD}}
2024-04-29 19:19:05 nacos registry, DEFAULT_GROUP service-travel 192.168.1.3:8516 register finished
2024-04-29 19:19:05 Started TravelApplication in 3.657 seconds (process running for 4.192)
2024-04-29 19:19:14 Initializing Spring DispatcherServlet 'dispatcherServlet'
2024-04-29 19:19:14 Initializing Servlet 'dispatcherServlet'
2024-04-29 19:19:14 Completed initialization in 1 ms
2024-04-29 19:20:00 [HttpClientBeanHolder] Start destroying common HttpClient
2024-04-29 19:20:00 [NotifyCenter] Start destroying Publisher
2024-04-29 19:20:00 [NotifyCenter] Destruction of the end
2024-04-29 19:20:00 [HttpClientBeanHolder] Destruction of the end
2024-04-29 19:20:02 [NotifyCenter] Start destroying Publisher
2024-04-29 19:20:02 [HttpClientBeanHolder] Start destroying common HttpClient
2024-04-29 19:20:02 [NotifyCenter] Destruction of the end
2024-04-29 19:20:02 [HttpClientBeanHolder] Destruction of the end
2024-04-29 19:20:17 Starting TravelApplication using Java 17.0.5 with PID 27331 (/Users/yh/AndroidStudioProjects/spzx-parent/spzx-service/service-travel/build/classes/java/main started by yh in /Users/yh/AndroidStudioProjects/spzx-parent)
2024-04-29 19:20:17 The following 1 profile is active: "dev"
2024-04-29 19:20:18 Multiple Spring Data modules found, entering strict repository configuration mode
2024-04-29 19:20:18 Bootstrapping Spring Data Redis repositories in DEFAULT mode.
2024-04-29 19:20:18 Finished Spring Data repository scanning in 6 ms. Found 0 Redis repository interfaces.
2024-04-29 19:20:18 No MyBatis mapper was found in '[com.travel.spzx.travel]' package. Please check your configuration.
2024-04-29 19:20:18 BeanFactory id=f02c8b5a-1477-32ba-880e-fe82f941bd07
2024-04-29 19:20:18 Tomcat initialized with port 8516 (http)
2024-04-29 19:20:19 Initializing ProtocolHandler ["http-nio-8516"]
2024-04-29 19:20:19 Starting service [Tomcat]
2024-04-29 19:20:19 Starting Servlet engine: [Apache Tomcat/10.1.19]
2024-04-29 19:20:19 Initializing Spring embedded WebApplicationContext
2024-04-29 19:20:19 Root WebApplicationContext: initialization completed in 1357 ms
2024-04-29 19:20:20 Starting ProtocolHandler ["http-nio-8516"]
2024-04-29 19:20:20 Tomcat started on port 8516 (http) with context path ''
2024-04-29 19:20:20 initializer namespace from ans.namespace attribute : null
2024-04-29 19:20:20 initializer namespace from ALIBABA_ALIWARE_NAMESPACE attribute :null
2024-04-29 19:20:20 initializer namespace from namespace attribute :null
2024-04-29 19:20:20 null No credential found
2024-04-29 19:20:20 [settings] [req-serv] nacos-server port:8848
2024-04-29 19:20:20 [settings] [http-client] connect timeout:1000
2024-04-29 19:20:20 PER_TASK_CONFIG_SIZE: 3000.0
2024-04-29 19:20:20 [ClientAuthPluginManager] Load ClientAuthService com.alibaba.nacos.client.auth.impl.NacosClientAuthServiceImpl success.
2024-04-29 19:20:20 [ClientAuthPluginManager] Load ClientAuthService com.alibaba.nacos.client.auth.ram.RamClientAuthServiceImpl success.
2024-04-29 19:20:20 [RpcClientFactory] create a new rpc client of e071cc49-c2da-4989-8cc6-42ad5b93cb44
2024-04-29 19:20:20 Create naming rpc client for uuid->e071cc49-c2da-4989-8cc6-42ad5b93cb44
2024-04-29 19:20:20 [e071cc49-c2da-4989-8cc6-42ad5b93cb44] RpcClient init, ServerListFactory = com.alibaba.nacos.client.naming.core.ServerListManager
2024-04-29 19:20:20 [e071cc49-c2da-4989-8cc6-42ad5b93cb44] Registry connection listener to current client:com.alibaba.nacos.client.naming.remote.gprc.redo.NamingGrpcRedoService
2024-04-29 19:20:20 [e071cc49-c2da-4989-8cc6-42ad5b93cb44] Register server push request handler:com.alibaba.nacos.client.naming.remote.gprc.NamingPushRequestHandler
2024-04-29 19:20:20 [e071cc49-c2da-4989-8cc6-42ad5b93cb44] Try to connect to server on start up, server: {serverIp = '14.103.49.141', server main port = 8848}
2024-04-29 19:20:20 grpc client connection server:14.103.49.141 ip,serverPort:9848,grpcTslConfig:{"sslProvider":"","enableTls":false,"mutualAuthEnable":false,"trustAll":false}
2024-04-29 19:20:20 Ready to get current node abilities...
2024-04-29 19:20:20 Ready to initialize current node abilities, support modes: [SDK_CLIENT]
2024-04-29 19:20:20 Initialize current abilities finish...
2024-04-29 19:20:20 [AbilityControlManager] Successfully initialize AbilityControlManager
2024-04-29 19:20:20 [e071cc49-c2da-4989-8cc6-42ad5b93cb44] Success to connect to server [14.103.49.141:8848] on start up, connectionId = 1714389620887_183.192.230.83_1255
2024-04-29 19:20:20 [e071cc49-c2da-4989-8cc6-42ad5b93cb44] Notify connected event to listeners.
2024-04-29 19:20:20 Grpc connection connect
2024-04-29 19:20:20 [e071cc49-c2da-4989-8cc6-42ad5b93cb44] Register server push request handler:com.alibaba.nacos.common.remote.client.RpcClient$ConnectResetRequestHandler
2024-04-29 19:20:20 [e071cc49-c2da-4989-8cc6-42ad5b93cb44] Register server push request handler:com.alibaba.nacos.common.remote.client.RpcClient$$Lambda$1295/0x000000080145ac50
2024-04-29 19:20:20 [REGISTER-SERVICE] public registering service service-travel with instance Instance{instanceId='null', ip='192.168.1.3', port=8516, weight=1.0, healthy=true, enabled=true, ephemeral=true, clusterName='DEFAULT', serviceName='null', metadata={IPv6=null, preserved.register.source=SPRING_CLOUD}}
2024-04-29 19:20:20 nacos registry, DEFAULT_GROUP service-travel 192.168.1.3:8516 register finished
2024-04-29 19:20:20 Started TravelApplication in 3.701 seconds (process running for 4.164)
2024-04-29 19:20:31 Initializing Spring DispatcherServlet 'dispatcherServlet'
2024-04-29 19:20:31 Initializing Servlet 'dispatcherServlet'
2024-04-29 19:20:31 Completed initialization in 1 ms
2024-04-29 19:22:17 [HttpClientBeanHolder] Start destroying common HttpClient
2024-04-29 19:22:17 [NotifyCenter] Start destroying Publisher
2024-04-29 19:22:17 [NotifyCenter] Destruction of the end
2024-04-29 19:22:17 [HttpClientBeanHolder] Destruction of the end
