2024-04-29 19:05:54 Starting ProductApplication using Java 17.0.5 with PID 26478 (/Users/yh/AndroidStudioProjects/spzx-parent/spzx-service/service-product/build/classes/java/main started by yh in /Users/yh/AndroidStudioProjects/spzx-parent)
2024-04-29 19:05:54 The following 1 profile is active: "dev"
2024-04-29 19:05:55 Multiple Spring Data modules found, entering strict repository configuration mode
2024-04-29 19:05:55 Bootstrapping Spring Data Redis repositories in DEFAULT mode.
2024-04-29 19:05:55 Finished Spring Data repository scanning in 9 ms. Found 0 Redis repository interfaces.
2024-04-29 19:05:56 BeanFactory id=03ae9e9b-55e9-3c0e-b95d-d333afac5c7a
2024-04-29 19:05:56 Tomcat initialized with port 8511 (http)
2024-04-29 19:05:56 Initializing ProtocolHandler ["http-nio-8511"]
2024-04-29 19:05:56 Starting service [Tomcat]
2024-04-29 19:05:56 Starting Servlet engine: [Apache Tomcat/10.1.19]
2024-04-29 19:05:56 Initializing Spring embedded WebApplicationContext
2024-04-29 19:05:56 Root WebApplicationContext: initialization completed in 2077 ms
2024-04-29 19:05:58 Starting ProtocolHandler ["http-nio-8511"]
2024-04-29 19:05:58 Tomcat started on port 8511 (http) with context path ''
2024-04-29 19:05:58 initializer namespace from ans.namespace attribute : null
2024-04-29 19:05:58 initializer namespace from ALIBABA_ALIWARE_NAMESPACE attribute :null
2024-04-29 19:05:58 initializer namespace from namespace attribute :null
2024-04-29 19:05:58 [settings] [req-serv] nacos-server port:8848
2024-04-29 19:05:58 [settings] [http-client] connect timeout:1000
2024-04-29 19:05:58 PER_TASK_CONFIG_SIZE: 3000.0
2024-04-29 19:05:58 [ClientAuthPluginManager] Load ClientAuthService com.alibaba.nacos.client.auth.impl.NacosClientAuthServiceImpl success.
2024-04-29 19:05:58 [ClientAuthPluginManager] Load ClientAuthService com.alibaba.nacos.client.auth.ram.RamClientAuthServiceImpl success.
2024-04-29 19:05:58 null No credential found
2024-04-29 19:05:58 [RpcClientFactory] create a new rpc client of 3692517f-9ece-4596-9a95-2c9158193869
2024-04-29 19:05:58 Create naming rpc client for uuid->3692517f-9ece-4596-9a95-2c9158193869
2024-04-29 19:05:58 [3692517f-9ece-4596-9a95-2c9158193869] RpcClient init, ServerListFactory = com.alibaba.nacos.client.naming.core.ServerListManager
2024-04-29 19:05:58 [3692517f-9ece-4596-9a95-2c9158193869] Registry connection listener to current client:com.alibaba.nacos.client.naming.remote.gprc.redo.NamingGrpcRedoService
2024-04-29 19:05:58 [3692517f-9ece-4596-9a95-2c9158193869] Register server push request handler:com.alibaba.nacos.client.naming.remote.gprc.NamingPushRequestHandler
2024-04-29 19:05:58 [3692517f-9ece-4596-9a95-2c9158193869] Try to connect to server on start up, server: {serverIp = '14.103.49.141', server main port = 8848}
2024-04-29 19:05:58 grpc client connection server:14.103.49.141 ip,serverPort:9848,grpcTslConfig:{"sslProvider":"","enableTls":false,"mutualAuthEnable":false,"trustAll":false}
2024-04-29 19:05:59 Ready to get current node abilities...
2024-04-29 19:05:59 Ready to initialize current node abilities, support modes: [SDK_CLIENT]
2024-04-29 19:05:59 Initialize current abilities finish...
2024-04-29 19:05:59 [AbilityControlManager] Successfully initialize AbilityControlManager
2024-04-29 19:05:59 [3692517f-9ece-4596-9a95-2c9158193869] Success to connect to server [14.103.49.141:8848] on start up, connectionId = 1714388759458_183.192.230.83_1520
2024-04-29 19:05:59 [3692517f-9ece-4596-9a95-2c9158193869] Notify connected event to listeners.
2024-04-29 19:05:59 Grpc connection connect
2024-04-29 19:05:59 [3692517f-9ece-4596-9a95-2c9158193869] Register server push request handler:com.alibaba.nacos.common.remote.client.RpcClient$ConnectResetRequestHandler
2024-04-29 19:05:59 [3692517f-9ece-4596-9a95-2c9158193869] Register server push request handler:com.alibaba.nacos.common.remote.client.RpcClient$$Lambda$1287/0x000000080145d5d0
2024-04-29 19:05:59 [REGISTER-SERVICE] public registering service service-product with instance Instance{instanceId='null', ip='192.168.1.3', port=8511, weight=1.0, healthy=true, enabled=true, ephemeral=true, clusterName='DEFAULT', serviceName='null', metadata={IPv6=null, preserved.register.source=SPRING_CLOUD}}
2024-04-29 19:05:59 nacos registry, DEFAULT_GROUP service-product 192.168.1.3:8511 register finished
2024-04-29 19:05:59 Started ProductApplication in 5.572 seconds (process running for 6.294)
2024-04-29 19:06:06 [NotifyCenter] Start destroying Publisher
2024-04-29 19:06:06 [HttpClientBeanHolder] Start destroying common HttpClient
2024-04-29 19:06:06 [NotifyCenter] Destruction of the end
2024-04-29 19:06:06 [HttpClientBeanHolder] Destruction of the end
2024-04-29 19:18:10 Starting ProductApplication using Java 17.0.5 with PID 27130 (/Users/yh/AndroidStudioProjects/spzx-parent/spzx-service/service-product/build/classes/java/main started by yh in /Users/yh/AndroidStudioProjects/spzx-parent)
2024-04-29 19:18:10 The following 1 profile is active: "dev"
2024-04-29 19:18:12 Multiple Spring Data modules found, entering strict repository configuration mode
2024-04-29 19:18:12 Bootstrapping Spring Data Redis repositories in DEFAULT mode.
2024-04-29 19:18:12 Finished Spring Data repository scanning in 8 ms. Found 0 Redis repository interfaces.
2024-04-29 19:18:12 BeanFactory id=03ae9e9b-55e9-3c0e-b95d-d333afac5c7a
2024-04-29 19:18:13 Tomcat initialized with port 8511 (http)
2024-04-29 19:18:13 Initializing ProtocolHandler ["http-nio-8511"]
2024-04-29 19:18:13 Starting service [Tomcat]
2024-04-29 19:18:13 Starting Servlet engine: [Apache Tomcat/10.1.19]
2024-04-29 19:18:13 Initializing Spring embedded WebApplicationContext
2024-04-29 19:18:13 Root WebApplicationContext: initialization completed in 2463 ms
2024-04-29 19:18:15 Starting ProtocolHandler ["http-nio-8511"]
2024-04-29 19:18:15 Tomcat started on port 8511 (http) with context path ''
2024-04-29 19:18:15 initializer namespace from ans.namespace attribute : null
2024-04-29 19:18:15 initializer namespace from ALIBABA_ALIWARE_NAMESPACE attribute :null
2024-04-29 19:18:15 initializer namespace from namespace attribute :null
2024-04-29 19:18:15 [settings] [req-serv] nacos-server port:8848
2024-04-29 19:18:15 [settings] [http-client] connect timeout:1000
2024-04-29 19:18:15 PER_TASK_CONFIG_SIZE: 3000.0
2024-04-29 19:18:15 null No credential found
2024-04-29 19:18:15 [ClientAuthPluginManager] Load ClientAuthService com.alibaba.nacos.client.auth.impl.NacosClientAuthServiceImpl success.
2024-04-29 19:18:15 [ClientAuthPluginManager] Load ClientAuthService com.alibaba.nacos.client.auth.ram.RamClientAuthServiceImpl success.
2024-04-29 19:18:15 [RpcClientFactory] create a new rpc client of f1dfe2e8-f304-4d3d-a76a-1fcceb0bb797
2024-04-29 19:18:15 Create naming rpc client for uuid->f1dfe2e8-f304-4d3d-a76a-1fcceb0bb797
2024-04-29 19:18:15 [f1dfe2e8-f304-4d3d-a76a-1fcceb0bb797] RpcClient init, ServerListFactory = com.alibaba.nacos.client.naming.core.ServerListManager
2024-04-29 19:18:15 [f1dfe2e8-f304-4d3d-a76a-1fcceb0bb797] Registry connection listener to current client:com.alibaba.nacos.client.naming.remote.gprc.redo.NamingGrpcRedoService
2024-04-29 19:18:15 [f1dfe2e8-f304-4d3d-a76a-1fcceb0bb797] Register server push request handler:com.alibaba.nacos.client.naming.remote.gprc.NamingPushRequestHandler
2024-04-29 19:18:15 [f1dfe2e8-f304-4d3d-a76a-1fcceb0bb797] Try to connect to server on start up, server: {serverIp = '14.103.49.141', server main port = 8848}
2024-04-29 19:18:15 grpc client connection server:14.103.49.141 ip,serverPort:9848,grpcTslConfig:{"sslProvider":"","enableTls":false,"mutualAuthEnable":false,"trustAll":false}
2024-04-29 19:18:15 Ready to get current node abilities...
2024-04-29 19:18:15 Ready to initialize current node abilities, support modes: [SDK_CLIENT]
2024-04-29 19:18:15 Initialize current abilities finish...
2024-04-29 19:18:15 [AbilityControlManager] Successfully initialize AbilityControlManager
2024-04-29 19:18:15 [f1dfe2e8-f304-4d3d-a76a-1fcceb0bb797] Success to connect to server [14.103.49.141:8848] on start up, connectionId = 1714389495865_183.192.230.83_1207
2024-04-29 19:18:15 [f1dfe2e8-f304-4d3d-a76a-1fcceb0bb797] Notify connected event to listeners.
2024-04-29 19:18:15 Grpc connection connect
2024-04-29 19:18:15 [f1dfe2e8-f304-4d3d-a76a-1fcceb0bb797] Register server push request handler:com.alibaba.nacos.common.remote.client.RpcClient$ConnectResetRequestHandler
2024-04-29 19:18:15 [f1dfe2e8-f304-4d3d-a76a-1fcceb0bb797] Register server push request handler:com.alibaba.nacos.common.remote.client.RpcClient$$Lambda$1287/0x000000080145deb0
2024-04-29 19:18:15 [REGISTER-SERVICE] public registering service service-product with instance Instance{instanceId='null', ip='192.168.1.3', port=8511, weight=1.0, healthy=true, enabled=true, ephemeral=true, clusterName='DEFAULT', serviceName='null', metadata={IPv6=null, preserved.register.source=SPRING_CLOUD}}
2024-04-29 19:18:15 nacos registry, DEFAULT_GROUP service-product 192.168.1.3:8511 register finished
2024-04-29 19:18:15 Started ProductApplication in 5.98 seconds (process running for 7.214)
2024-04-29 19:20:02 [HttpClientBeanHolder] Start destroying common HttpClient
2024-04-29 19:20:02 [NotifyCenter] Start destroying Publisher
2024-04-29 19:20:02 [NotifyCenter] Destruction of the end
2024-04-29 19:20:02 [HttpClientBeanHolder] Destruction of the end
